<?xml version="1.0" encoding="UTF-8"?>
<!-- Generated by org.testng.reporters.JUnitReportReporter -->
<testsuite skipped="0" hostname="DESKTOP-4VJEUVF" name="pac2.JCPenny6Test" tests="4" failures="0" timestamp="2022-10-13T12:04:36 IST" time="5.411" errors="0">
  <testcase name="fTest" time="0.109" classname="pac2.JCPenny6Test"/>
  <system-out/>
  <testcase name="f1Test" time="4.553" classname="pac2.JCPenny6Test"/>
  <system-out/>
  <testcase name="f2Test" time="0.638" classname="pac2.JCPenny6Test"/>
  <system-out/>
  <testcase name="f3Test" time="0.111" classname="pac2.JCPenny6Test"/>
  <system-out/>
</testsuite> <!-- pac2.JCPenny6Test -->
