<?xml version="1.0" encoding="UTF-8"?>
<!-- Generated by org.testng.reporters.JUnitReportReporter -->
<testsuite skipped="0" hostname="DESKTOP-4VJEUVF" name="pac1.New1Test" tests="3" failures="0" timestamp="2022-09-23T09:03:45 IST" time="15.566" errors="0">
  <testcase name="verifytitleTest" time="3.337" classname="pac1.New1Test"/>
  <system-out/>
  <testcase name="enterlocationTest" time="3.703" classname="pac1.New1Test"/>
  <system-out/>
  <testcase name="verifycreditslipsTest" time="8.526" classname="pac1.New1Test"/>
  <system-out/>
</testsuite> <!-- pac1.New1Test -->
