<?xml version="1.0" encoding="UTF-8"?>
<!-- Generated by org.testng.reporters.JUnitReportReporter -->
<testsuite skipped="0" hostname="DESKTOP-4VJEUVF" name="pac1.NewTest" tests="3" failures="0" timestamp="2022-09-22T10:27:52 IST" time="13.248" errors="0">
  <testcase name="verifyfiltersTest" time="2.027" classname="pac1.NewTest"/>
  <system-out/>
  <testcase name="vrrifyyellowdressTest" time="4.975" classname="pac1.NewTest"/>
  <system-out/>
  <testcase name="vrrifyyellowdress2Test" time="6.246" classname="pac1.NewTest"/>
  <system-out/>
</testsuite> <!-- pac1.NewTest -->
