<?xml version="1.0" encoding="UTF-8"?>
<!-- Generated by org.testng.reporters.JUnitReportReporter -->
<testsuite skipped="0" hostname="DESKTOP-4VJEUVF" name="pac2.OnlyTesting1Test" tests="3" failures="0" timestamp="2022-10-07T19:40:23 IST" time="52.549" errors="0">
  <testcase name="browserstackwTest" time="46.700" classname="pac2.OnlyTesting1Test"/>
  <system-out/>
  <testcase name="multiselectTest" time="1.475" classname="pac2.OnlyTesting1Test"/>
  <system-out/>
  <testcase name="browserstackTest" time="4.374" classname="pac2.OnlyTesting1Test"/>
  <system-out/>
</testsuite> <!-- pac2.OnlyTesting1Test -->
