<?xml version="1.0" encoding="UTF-8"?>
<!-- Generated by org.testng.reporters.JUnitReportReporter -->
<testsuite skipped="0" hostname="DESKTOP-4VJEUVF" name="pac2.jcpenny22222Test" tests="1" failures="0" timestamp="2022-11-04T09:58:58 IST" time="1.611" errors="0">
  <testcase name="fTest" time="1.611" classname="pac2.jcpenny22222Test"/>
  <system-out/>
</testsuite> <!-- pac2.jcpenny22222Test -->
