<?xml version="1.0" encoding="UTF-8"?>
<!-- Generated by org.testng.reporters.JUnitReportReporter -->
<testsuite skipped="0" hostname="DESKTOP-4VJEUVF" name="pac2.Automation44Test" tests="4" failures="0" timestamp="2022-10-23T10:48:48 IST" time="11.573" errors="0">
  <testcase name="firstpageTest" time="0.152" classname="pac2.Automation44Test"/>
  <system-out/>
  <testcase name="ContactusTest" time="3.180" classname="pac2.Automation44Test"/>
  <system-out/>
  <testcase name="NewsletterTest" time="5.064" classname="pac2.Automation44Test"/>
  <system-out/>
  <testcase name="cartTest" time="3.177" classname="pac2.Automation44Test"/>
  <system-out/>
</testsuite> <!-- pac2.Automation44Test -->
