<?xml version="1.0" encoding="UTF-8"?>
<!-- Generated by org.testng.reporters.JUnitReportReporter -->
<testsuite skipped="0" hostname="DESKTOP-4VJEUVF" name="pac2.JCPenny33Test" tests="4" failures="0" timestamp="2022-10-04T15:12:04 IST" time="18.250" errors="0">
  <testcase name="HomeandLifeTest" time="0.077" classname="pac2.JCPenny33Test"/>
  <system-out/>
  <testcase name="orderTest" time="6.136" classname="pac2.JCPenny33Test"/>
  <system-out/>
  <testcase name="f2Test" time="4.236" classname="pac2.JCPenny33Test"/>
  <system-out/>
  <testcase name="f3Test" time="7.801" classname="pac2.JCPenny33Test"/>
  <system-out/>
</testsuite> <!-- pac2.JCPenny33Test -->
