<?xml version="1.0" encoding="UTF-8"?>
<!-- Generated by org.testng.reporters.JUnitReportReporter -->
<testsuite skipped="0" hostname="DESKTOP-4VJEUVF" name="pac1.Prac2Test" tests="2" failures="0" timestamp="2022-10-31T16:27:09 IST" time="1.420" errors="0">
  <testcase name="fTest" time="1.410" classname="pac1.Prac2Test"/>
  <system-out/>
  <testcase name="f1Test" time="0.010" classname="pac1.Prac2Test"/>
  <system-out/>
</testsuite> <!-- pac1.Prac2Test -->
