<?xml version="1.0" encoding="UTF-8"?>
<!-- Generated by org.testng.reporters.JUnitReportReporter -->
<testsuite skipped="0" hostname="DESKTOP-4VJEUVF" name="pac2.OnlyTestingTest" tests="2" failures="0" timestamp="2022-09-24T09:22:43 IST" time="0.443" errors="0">
  <testcase name="fileTest" time="0.119" classname="pac2.OnlyTestingTest"/>
  <system-out/>
  <testcase name="dropdownTest" time="0.324" classname="pac2.OnlyTestingTest"/>
  <system-out/>
</testsuite> <!-- pac2.OnlyTestingTest -->
