<?xml version="1.0" encoding="UTF-8"?>
<!-- Generated by org.testng.reporters.JUnitReportReporter -->
<testsuite skipped="0" hostname="DESKTOP-4VJEUVF" name="com.Listeners1.JCPennyTest" tests="1" failures="0" timestamp="2022-11-01T11:08:19 IST" time="0.023" errors="0">
  <testcase name="getTest" time="0.023" classname="com.Listeners1.JCPennyTest"/>
  <system-out/>
</testsuite> <!-- com.Listeners1.JCPennyTest -->
