<?xml version="1.0" encoding="UTF-8"?>
<!-- Generated by org.testng.reporters.JUnitReportReporter -->
<testsuite skipped="0" hostname="DESKTOP-4VJEUVF" name="pac2.NeTest" tests="1" failures="0" timestamp="2022-10-26T14:34:03 IST" time="25.617" errors="0">
  <testcase name="f1Test" time="25.617" classname="pac2.NeTest"/>
  <system-out/>
</testsuite> <!-- pac2.NeTest -->
