<?xml version="1.0" encoding="UTF-8"?>
<!-- Generated by org.testng.reporters.JUnitReportReporter -->
<testsuite skipped="0" hostname="DESKTOP-4VJEUVF" name="pac2.PHPtravelsTest" tests="3" failures="0" timestamp="2022-10-18T11:33:16 IST" time="11.140" errors="0">
  <testcase name="fTest" time="5.766" classname="pac2.PHPtravelsTest"/>
  <system-out/>
  <testcase name="f1Test" time="4.005" classname="pac2.PHPtravelsTest"/>
  <system-out/>
  <testcase name="f2Test" time="1.369" classname="pac2.PHPtravelsTest"/>
  <system-out/>
</testsuite> <!-- pac2.PHPtravelsTest -->
