<?xml version="1.0" encoding="UTF-8"?>
<!-- Generated by org.testng.reporters.JUnitReportReporter -->
<testsuite skipped="0" hostname="DESKTOP-4VJEUVF" name="pac2.TestvagrantTest" tests="1" failures="0" timestamp="2022-10-29T13:09:52 IST" time="0.384" errors="0">
  <testcase name="fTest" time="0.384" classname="pac2.TestvagrantTest"/>
  <system-out/>
</testsuite> <!-- pac2.TestvagrantTest -->
