<?xml version="1.0" encoding="UTF-8"?>
<!-- Generated by org.testng.reporters.JUnitReportReporter -->
<testsuite skipped="0" hostname="DESKTOP-4VJEUVF" name="propertiesfileprac.NeweeeeTest" tests="1" failures="0" timestamp="2022-11-01T10:27:43 IST" time="0.033" errors="0">
  <testcase name="fTest" time="0.033" classname="propertiesfileprac.NeweeeeTest"/>
  <system-out/>
</testsuite> <!-- propertiesfileprac.NeweeeeTest -->
