<?xml version="1.0" encoding="UTF-8"?>
<!-- Generated by org.testng.reporters.JUnitReportReporter -->
<testsuite skipped="0" hostname="DESKTOP-4VJEUVF" name="pac2.OnlyTesting2Test" tests="2" failures="0" timestamp="2022-09-28T09:36:43 IST" time="5.344" errors="0">
  <testcase name="multiselectTest" time="5.313" classname="pac2.OnlyTesting2Test"/>
  <system-out/>
  <testcase name="tTest" time="0.031" classname="pac2.OnlyTesting2Test"/>
  <system-out/>
</testsuite> <!-- pac2.OnlyTesting2Test -->
