<?xml version="1.0" encoding="UTF-8"?>
<!-- Generated by org.testng.reporters.JUnitReportReporter -->
<testsuite skipped="0" hostname="DESKTOP-4VJEUVF" name="pac2.OpencartbrokenlinksTest" tests="1" failures="0" timestamp="2022-10-24T11:50:39 IST" time="13.245" errors="0">
  <testcase name="fTest" time="13.245" classname="pac2.OpencartbrokenlinksTest"/>
  <system-out/>
</testsuite> <!-- pac2.OpencartbrokenlinksTest -->
