<?xml version="1.0" encoding="UTF-8"?>
<!-- Generated by org.testng.reporters.JUnitReportReporter -->
<testsuite skipped="0" hostname="DESKTOP-4VJEUVF" name="pac2.AuthenticationpopupTest" tests="1" failures="0" timestamp="2022-10-03T17:19:48 IST" time="10.161" errors="0">
  <testcase name="authenticTest" time="10.161" classname="pac2.AuthenticationpopupTest"/>
  <system-out/>
</testsuite> <!-- pac2.AuthenticationpopupTest -->
