<?xml version="1.0" encoding="UTF-8"?>
<!-- Generated by org.testng.reporters.JUnitReportReporter -->
<testsuite skipped="0" hostname="DESKTOP-4VJEUVF" name="pac2.JCPenny3Test" tests="1" failures="0" timestamp="2022-10-08T09:21:27 IST" time="16.259" errors="0">
  <testcase name="creditcard2Test" time="16.259" classname="pac2.JCPenny3Test"/>
  <system-out/>
</testsuite> <!-- pac2.JCPenny3Test -->
