<?xml version="1.0" encoding="UTF-8"?>
<!-- Generated by org.testng.reporters.JUnitReportReporter -->
<testsuite skipped="0" hostname="DESKTOP-4VJEUVF" name="propertiesfileprac.New1Test" tests="1" failures="0" timestamp="2022-10-29T11:03:13 IST" time="10.078" errors="0">
  <testcase name="fTest" time="10.078" classname="propertiesfileprac.New1Test"/>
  <system-out/>
</testsuite> <!-- propertiesfileprac.New1Test -->
