<?xml version="1.0" encoding="UTF-8"?>
<!-- Generated by org.testng.reporters.JUnitReportReporter -->
<testsuite skipped="0" hostname="DESKTOP-4VJEUVF" name="pac2.NewTestOnly3TestingTest" tests="4" failures="0" timestamp="2022-10-03T13:05:54 IST" time="10.365" errors="0">
  <testcase name="getTest" time="0.029" classname="pac2.NewTestOnly3TestingTest"/>
  <system-out/>
  <testcase name="get1Test" time="0.382" classname="pac2.NewTestOnly3TestingTest"/>
  <system-out/>
  <testcase name="get2Test" time="2.594" classname="pac2.NewTestOnly3TestingTest"/>
  <system-out/>
  <testcase name="get3Test" time="7.360" classname="pac2.NewTestOnly3TestingTest"/>
  <system-out/>
</testsuite> <!-- pac2.NewTestOnly3TestingTest -->
