<?xml version="1.0" encoding="UTF-8"?>
<!-- Generated by org.testng.reporters.JUnitReportReporter -->
<testsuite skipped="0" hostname="DESKTOP-4VJEUVF" name="propertiesfileprac.TodayspracTest" tests="1" failures="0" timestamp="2022-11-05T09:20:28 IST" time="3.197" errors="0">
  <testcase name="fTest" time="3.197" classname="propertiesfileprac.TodayspracTest"/>
  <system-out/>
</testsuite> <!-- propertiesfileprac.TodayspracTest -->
