<?xml version="1.0" encoding="UTF-8"?>
<!-- Generated by org.testng.reporters.JUnitReportReporter -->
<testsuite skipped="0" hostname="DESKTOP-4VJEUVF" name="pac2.AcceptcookiesTest" tests="1" failures="0" timestamp="2022-09-28T09:20:20 IST" time="0.172" errors="0">
  <testcase name="fTest" time="0.172" classname="pac2.AcceptcookiesTest"/>
  <system-out/>
</testsuite> <!-- pac2.AcceptcookiesTest -->
