<?xml version="1.0" encoding="UTF-8"?>
<!-- Generated by org.testng.reporters.JUnitReportReporter -->
<testsuite skipped="0" hostname="DESKTOP-4VJEUVF" name="pac2.JCPenny1Test" tests="2" failures="0" timestamp="2022-11-02T10:07:29 IST" time="4.882" errors="0">
  <testcase name="f1Test" time="0.018" classname="pac2.JCPenny1Test"/>
  <system-out/>
  <testcase name="fTest" time="4.864" classname="pac2.JCPenny1Test"/>
  <system-out/>
</testsuite> <!-- pac2.JCPenny1Test -->
