<?xml version="1.0" encoding="UTF-8"?>
<!-- Generated by org.testng.reporters.JUnitReportReporter -->
<testsuite skipped="0" hostname="DESKTOP-4VJEUVF" name="pac2.NewrTest" tests="4" failures="0" timestamp="2022-10-17T12:30:06 IST" time="12.216" errors="0">
  <testcase name="fTest" time="2.553" classname="pac2.NewrTest"/>
  <system-out/>
  <testcase name="f7Test" time="3.811" classname="pac2.NewrTest"/>
  <system-out/>
  <testcase name="f8Test" time="3.790" classname="pac2.NewrTest"/>
  <system-out/>
  <testcase name="f10Test" time="2.062" classname="pac2.NewrTest"/>
  <system-out/>
</testsuite> <!-- pac2.NewrTest -->
