<?xml version="1.0" encoding="UTF-8"?>
<!-- Generated by org.testng.reporters.JUnitReportReporter -->
<testsuite skipped="0" hostname="DESKTOP-4VJEUVF" name="pac2.BrokenlinksNewTest" tests="1" failures="0" timestamp="2022-10-28T18:11:26 IST" time="133.255" errors="0">
  <testcase name="fTest" time="133.255" classname="pac2.BrokenlinksNewTest"/>
  <system-out/>
</testsuite> <!-- pac2.BrokenlinksNewTest -->
