<?xml version="1.0" encoding="UTF-8"?>
<!-- Generated by org.testng.reporters.JUnitReportReporter -->
<testsuite skipped="0" hostname="DESKTOP-4VJEUVF" name="fluxgen.NewTest" tests="3" failures="0" timestamp="2022-11-05T10:09:28 IST" time="18.102" errors="0">
  <testcase name="LoginTest" time="5.831" classname="fluxgen.NewTest"/>
  <system-out/>
  <testcase name="HomeTest" time="6.844" classname="fluxgen.NewTest"/>
  <system-out/>
  <testcase name="LogoutTest" time="5.427" classname="fluxgen.NewTest"/>
  <system-out/>
</testsuite> <!-- fluxgen.NewTest -->
