<?xml version="1.0" encoding="UTF-8"?>
<!-- Generated by org.testng.reporters.JUnitReportReporter -->
<testsuite skipped="0" hostname="DESKTOP-4VJEUVF" name="propertiesfileprac.Propertiesfileprac1Test" tests="1" failures="0" timestamp="2022-11-01T11:04:09 IST" time="5.510" errors="0">
  <testcase name="fTest" time="5.510" classname="propertiesfileprac.Propertiesfileprac1Test"/>
  <system-out/>
</testsuite> <!-- propertiesfileprac.Propertiesfileprac1Test -->
