<?xml version="1.0" encoding="UTF-8"?>
<!-- Generated by org.testng.reporters.JUnitReportReporter -->
<testsuite skipped="0" hostname="DESKTOP-4VJEUVF" name="pac2.JCPenny4Test" tests="2" failures="0" timestamp="2022-10-11T13:06:40 IST" time="41.753" errors="0">
  <testcase name="product8page1test" time="40.976" classname="pac2.JCPenny4Test"/>
  <system-out/>
  <testcase name="product8pagetest" time="0.777" classname="pac2.JCPenny4Test"/>
  <system-out/>
</testsuite> <!-- pac2.JCPenny4Test -->
